<?xml version="1.0" encoding="UTF-8" ?>
<testsuite errors="0" failures="1" hostname="mattia-laptop" name="sigeol.SchedulerServletTest" tests="5" time="1.005" timestamp="2009-06-12T15:38:24">
  <properties>
    <property name="java.runtime.name" value="Java(TM) SE Runtime Environment" />
    <property name="sun.boot.library.path" value="/usr/lib/jvm/java-6-sun-1.6.0.07/jre/lib/i386" />
    <property name="java.vm.version" value="10.0-b23" />
    <property name="java.vm.vendor" value="Sun Microsystems Inc." />
    <property name="java.vendor.url" value="http://java.sun.com/" />
    <property name="path.separator" value=":" />
    <property name="java.vm.name" value="Java HotSpot(TM) Client VM" />
    <property name="file.encoding.pkg" value="sun.io" />
    <property name="user.country" value="IT" />
    <property name="sun.java.launcher" value="SUN_STANDARD" />
    <property name="sun.os.patch.level" value="unknown" />
    <property name="java.vm.specification.name" value="Java Virtual Machine Specification" />
    <property name="user.dir" value="/home/mattia/progetti/sigeol/WEB-INF/src/MiddleManServlet" />
    <property name="java.runtime.version" value="1.6.0_07-b06" />
    <property name="java.awt.graphicsenv" value="sun.awt.X11GraphicsEnvironment" />
    <property name="java.endorsed.dirs" value="/usr/lib/jvm/java-6-sun-1.6.0.07/jre/lib/endorsed" />
    <property name="os.arch" value="i386" />
    <property name="java.io.tmpdir" value="/tmp" />
    <property name="line.separator" value="
" />
    <property name="java.vm.specification.vendor" value="Sun Microsystems Inc." />
    <property name="os.name" value="Linux" />
    <property name="sun.jnu.encoding" value="UTF-8" />
    <property name="java.library.path" value="/usr/lib/jvm/java-6-sun-1.6.0.07/jre/lib/i386/client:/usr/lib/jvm/java-6-sun-1.6.0.07/jre/lib/i386:/usr/lib/jvm/java-6-sun-1.6.0.07/jre/../lib/i386:/usr/java/packages/lib/i386:/lib:/usr/lib" />
    <property name="java.specification.name" value="Java Platform API Specification" />
    <property name="java.class.version" value="50.0" />
    <property name="sun.management.compiler" value="HotSpot Client Compiler" />
    <property name="os.version" value="2.6.24-24-generic" />
    <property name="user.home" value="/home/mattia" />
    <property name="user.timezone" value="" />
    <property name="java.awt.printerjob" value="sun.print.PSPrinterJob" />
    <property name="file.encoding" value="UTF-8" />
    <property name="java.specification.version" value="1.6" />
    <property name="user.name" value="mattia" />
    <property name="java.class.path" value="/home/mattia/netbeans/java2/ant/patches/72080.jar:/home/mattia/netbeans/java2/ant/patches/ant-42275.jar:/home/mattia/netbeans/java2/ant/lib/ant.jar:/home/mattia/netbeans/java2/ant/lib/ant-junit.jar:/home/mattia/progetti/sigeol/WEB-INF/lib/commons-collections-3.2.1.jar:/home/mattia/progetti/sigeol/WEB-INF/lib/commons-fileupload-1.2.1.jar:/home/mattia/progetti/sigeol/WEB-INF/lib/cpsolver-all-1.1.jar:/home/mattia/progetti/sigeol/WEB-INF/lib/dom4j-1.6.1.jar:/home/mattia/progetti/sigeol/WEB-INF/lib/itc.jar:/home/mattia/progetti/sigeol/WEB-INF/lib/jdom.jar:/home/mattia/progetti/sigeol/WEB-INF/lib/log4j-1.2.8.jar:/home/mattia/progetti/sigeol/WEB-INF/lib/quartz-all-1.6.5.jar:/home/mattia/progetti/sigeol/WEB-INF/src/lib/mockrunner-servlet.jar:/home/mattia/progetti/sigeol/WEB-INF/src/lib/javax.servlet.jar:/home/mattia/progetti/sigeol/WEB-INF/src/lib/commons-collections-testframework-3.2.1.jar:/home/mattia/progetti/sigeol/WEB-INF/src/lib/junit.jar:/home/mattia/progetti/sigeol/WEB-INF/lib/commons-io-1.4.jar:/home/mattia/progetti/sigeol/WEB-INF/src/MiddleManServlet/build/classes:/home/mattia/progetti/sigeol/WEB-INF/src/MiddleManServlet/src:/home/mattia/netbeans/platform9/modules/ext/junit-4.5.jar:/home/mattia/progetti/sigeol/WEB-INF/src/lib/TestFileUpload.jar:/home/mattia/progetti/sigeol/WEB-INF/src/lib/mockrunner-ejb.jar:/home/mattia/progetti/sigeol/WEB-INF/src/lib/mockrunner-jca.jar:/home/mattia/progetti/sigeol/WEB-INF/src/lib/mockrunner-jdbc.jar:/home/mattia/progetti/sigeol/WEB-INF/src/lib/mockrunner-jms.jar:/home/mattia/progetti/sigeol/WEB-INF/src/lib/mockrunner-struts.jar:/home/mattia/progetti/sigeol/WEB-INF/src/lib/mockrunner-tag.jar:/home/mattia/progetti/sigeol/WEB-INF/src/lib/mockrunner.jar:/home/mattia/.netbeans/6.5rc2/modules/ext/emma.jar:/home/mattia/progetti/sigeol/WEB-INF/src/MiddleManServlet/build/test/classes:/home/mattia/progetti/sigeol/WEB-INF/src/MiddleManServlet/test:/home/mattia/progetti/sigeol/WEB-INF/src/lib/cglib-nodep-2.2.jar:/home/mattia/progetti/sigeol/WEB-INF/src/lib/commons-beanutils-1.7.0.jar:/home/mattia/progetti/sigeol/WEB-INF/src/lib/commons-digester-1.8.jar:/home/mattia/progetti/sigeol/WEB-INF/src/lib/commons-logging-1.0.4.jar:/home/mattia/progetti/sigeol/WEB-INF/src/lib/commons-validator-1.3.1.jar:/home/mattia/progetti/sigeol/WEB-INF/src/lib/el-api.jar:/home/mattia/progetti/sigeol/WEB-INF/src/lib/jakarta-oro-2.0.8.jar:/home/mattia/progetti/sigeol/WEB-INF/src/lib/jasper-el.jar:/home/mattia/progetti/sigeol/WEB-INF/src/lib/jasper.jar:/home/mattia/progetti/sigeol/WEB-INF/src/lib/jboss-j2ee.jar:/home/mattia/progetti/sigeol/WEB-INF/src/lib/jdom.jar:/home/mattia/progetti/sigeol/WEB-INF/src/lib/jsp-api.jar:/home/mattia/progetti/sigeol/WEB-INF/src/lib/mockejb.jar:/home/mattia/progetti/sigeol/WEB-INF/src/lib/nekohtml.jar:/home/mattia/progetti/sigeol/WEB-INF/src/lib/servlet-api.jar:/home/mattia/progetti/sigeol/WEB-INF/src/lib/struts-core-1.3.9.jar:/home/mattia/progetti/sigeol/WEB-INF/src/lib/struts-extras-1.3.9.jar:/home/mattia/progetti/sigeol/WEB-INF/src/lib/struts-taglib-1.3.9.jar:/home/mattia/progetti/sigeol/WEB-INF/src/lib/xercesImpl.jar:/home/mattia/progetti/sigeol/WEB-INF/src/lib/xml-apis.jar" />
    <property name="java.vm.specification.version" value="1.0" />
    <property name="sun.arch.data.model" value="32" />
    <property name="java.home" value="/usr/lib/jvm/java-6-sun-1.6.0.07/jre" />
    <property name="java.specification.vendor" value="Sun Microsystems Inc." />
    <property name="user.language" value="it" />
    <property name="java.vm.info" value="mixed mode" />
    <property name="java.version" value="1.6.0_07" />
    <property name="java.ext.dirs" value="/usr/lib/jvm/java-6-sun-1.6.0.07/jre/lib/ext:/usr/java/packages/lib/ext" />
    <property name="sun.boot.class.path" value="/usr/lib/jvm/java-6-sun-1.6.0.07/jre/lib/resources.jar:/usr/lib/jvm/java-6-sun-1.6.0.07/jre/lib/rt.jar:/usr/lib/jvm/java-6-sun-1.6.0.07/jre/lib/sunrsasign.jar:/usr/lib/jvm/java-6-sun-1.6.0.07/jre/lib/jsse.jar:/usr/lib/jvm/java-6-sun-1.6.0.07/jre/lib/jce.jar:/usr/lib/jvm/java-6-sun-1.6.0.07/jre/lib/charsets.jar:/usr/lib/jvm/java-6-sun-1.6.0.07/jre/classes" />
    <property name="java.vendor" value="Sun Microsystems Inc." />
    <property name="file.separator" value="/" />
    <property name="java.vendor.url.bug" value="http://java.sun.com/cgi-bin/bugreport.cgi" />
    <property name="sun.cpu.endian" value="little" />
    <property name="sun.io.unicode.encoding" value="UnicodeLittle" />
    <property name="sun.desktop" value="gnome" />
    <property name="sun.cpu.isalist" value="" />
  </properties>
  <testcase classname="sigeol.SchedulerServletTest" name="testServletGet" time="0.421" />
  <testcase classname="sigeol.SchedulerServletTest" name="testServletNoOperation" time="0.0050" />
  <testcase classname="sigeol.SchedulerServletTest" name="testServletSJOperation" time="0.023" />
  <testcase classname="sigeol.SchedulerServletTest" name="testServletDJOperation" time="0.151">
    <failure message="expected:&lt;410&gt; but was:&lt;406&gt;" type="junit.framework.AssertionFailedError">junit.framework.AssertionFailedError: expected:&lt;410&gt; but was:&lt;406&gt;
	at sigeol.SchedulerServletTest.testServletDJOperation(SchedulerServletTest.java:142)
</failure>
  </testcase>
  <testcase classname="sigeol.SchedulerServletTest" name="testServletOtherOperation" time="0.0070" />
  <system-out><![CDATA[OP=null
OP=sj
receiving from POST: 1 -- 12-06-2009
created job_1 listener_job
created triggerListener_1 listener_trigger
OP=dj
is multipart ?? true
entro in dj
init algo
OP=other
is multipart ?? false
]]></system-out>
  <system-err><![CDATA[log4j:WARN No appenders could be found for logger (org.quartz.simpl.SimpleThreadPool).
log4j:WARN Please initialize the log4j system properly.
12-giu-2009 17.38.25 sigeol.SchedulerServlet init
INFO: null
12-giu-2009 17.38.25 sigeol.SchedulerServlet init
INFO: null
12-giu-2009 17.38.25 sigeol.SchedulerServlet doPost
GRAVE: null
12-giu-2009 17.38.25 sigeol.SchedulerServlet init
INFO: null
12-giu-2009 17.38.25 sigeol.SchedulerServlet init
INFO: null
12-giu-2009 17.38.25 sigeol.SchedulerServlet initAlgortihmJob
GRAVE: null
12-giu-2009 17.38.25 sigeol.SchedulerServlet init
INFO: null
12-giu-2009 17.38.25 sigeol.SchedulerServlet doPost
GRAVE: null
]]></system-err>
</testsuite>
